[2022-07-02 06:03:09.510] [info] Loaded model 3DGaitModelwithSimpleArms from file FullBodyModel_SimpleArms_Hamner2010_OpenSim4.3.osim
[2022-07-02 06:03:09.512] [warning] Couldn't find file 'sacrum.vtp'.
[2022-07-02 06:03:09.512] [warning] Couldn't find file 'pelvis.vtp'.
[2022-07-02 06:03:09.512] [warning] Couldn't find file 'l_pelvis.vtp'.
[2022-07-02 06:03:09.513] [warning] Couldn't find file 'femur_r.vtp'.
[2022-07-02 06:03:09.513] [warning] Couldn't find file 'tibia_r.vtp'.
[2022-07-02 06:03:09.513] [warning] Couldn't find file 'fibula_r.vtp'.
[2022-07-02 06:03:09.513] [warning] Couldn't find file 'talus_rv.vtp'.
[2022-07-02 06:03:09.513] [warning] Couldn't find file 'foot.vtp'.
[2022-07-02 06:03:09.513] [warning] Couldn't find file 'bofoot.vtp'.
[2022-07-02 06:03:09.516] [warning] Couldn't find file 'femur_l.vtp'.
[2022-07-02 06:03:09.527] [warning] Couldn't find file 'tibia_l.vtp'.
[2022-07-02 06:03:09.528] [warning] Couldn't find file 'fibula_l.vtp'.
[2022-07-02 06:03:09.528] [warning] Couldn't find file 'talus_lv.vtp'.
[2022-07-02 06:03:09.528] [warning] Couldn't find file 'l_foot.vtp'.
[2022-07-02 06:03:09.528] [warning] Couldn't find file 'l_bofoot.vtp'.
[2022-07-02 06:03:09.528] [warning] Couldn't find file 'hat_spine.vtp'.
[2022-07-02 06:03:09.529] [warning] Couldn't find file 'hat_jaw.vtp'.
[2022-07-02 06:03:09.529] [warning] Couldn't find file 'hat_skull.vtp'.
[2022-07-02 06:03:09.529] [warning] Couldn't find file 'hat_ribs_scap.vtp'.
[2022-07-02 06:03:09.529] [warning] Couldn't find file 'humerus_rv.vtp'.
[2022-07-02 06:03:09.529] [warning] Couldn't find file 'ulna_rv.vtp'.
[2022-07-02 06:03:09.529] [warning] Couldn't find file 'radius_rv.vtp'.
[2022-07-02 06:03:09.530] [warning] Couldn't find file 'pisiform_rvs.vtp'.
[2022-07-02 06:03:09.530] [warning] Couldn't find file 'lunate_rvs.vtp'.
[2022-07-02 06:03:09.530] [warning] Couldn't find file 'scaphoid_rvs.vtp'.
[2022-07-02 06:03:09.530] [warning] Couldn't find file 'triquetrum_rvs.vtp'.
[2022-07-02 06:03:09.530] [warning] Couldn't find file 'hamate_rvs.vtp'.
[2022-07-02 06:03:09.531] [warning] Couldn't find file 'capitate_rvs.vtp'.
[2022-07-02 06:03:09.531] [warning] Couldn't find file 'trapezoid_rvs.vtp'.
[2022-07-02 06:03:09.531] [warning] Couldn't find file 'trapezium_rvs.vtp'.
[2022-07-02 06:03:09.531] [warning] Couldn't find file 'metacarpal2_rvs.vtp'.
[2022-07-02 06:03:09.531] [warning] Couldn't find file 'index_proximal_rvs.vtp'.
[2022-07-02 06:03:09.531] [warning] Couldn't find file 'index_medial_rvs.vtp'.
[2022-07-02 06:03:09.532] [warning] Couldn't find file 'index_distal_rvs.vtp'.
[2022-07-02 06:03:09.532] [warning] Couldn't find file 'metacarpal3_rvs.vtp'.
[2022-07-02 06:03:09.532] [warning] Couldn't find file 'middle_proximal_rvs.vtp'.
[2022-07-02 06:03:09.532] [warning] Couldn't find file 'middle_medial_rvs.vtp'.
[2022-07-02 06:03:09.532] [warning] Couldn't find file 'middle_distal_rvs.vtp'.
[2022-07-02 06:03:09.532] [warning] Couldn't find file 'metacarpal4_rvs.vtp'.
[2022-07-02 06:03:09.533] [warning] Couldn't find file 'ring_proximal_rvs.vtp'.
[2022-07-02 06:03:09.533] [warning] Couldn't find file 'ring_medial_rvs.vtp'.
[2022-07-02 06:03:09.533] [warning] Couldn't find file 'ring_distal_rvs.vtp'.
[2022-07-02 06:03:09.533] [warning] Couldn't find file 'metacarpal5_rvs.vtp'.
[2022-07-02 06:03:09.533] [warning] Couldn't find file 'little_proximal_rvs.vtp'.
[2022-07-02 06:03:09.533] [warning] Couldn't find file 'little_medial_rvs.vtp'.
[2022-07-02 06:03:09.534] [warning] Couldn't find file 'little_distal_rvs.vtp'.
[2022-07-02 06:03:09.534] [warning] Couldn't find file 'metacarpal1_rvs.vtp'.
[2022-07-02 06:03:09.534] [warning] Couldn't find file 'thumb_proximal_rvs.vtp'.
[2022-07-02 06:03:09.534] [warning] Couldn't find file 'thumb_distal_rvs.vtp'.
[2022-07-02 06:03:09.534] [warning] Couldn't find file 'humerus_lv.vtp'.
[2022-07-02 06:03:09.534] [warning] Couldn't find file 'ulna_lv.vtp'.
[2022-07-02 06:03:09.535] [warning] Couldn't find file 'radius_lv.vtp'.
[2022-07-02 06:03:09.535] [warning] Couldn't find file 'pisiform_lvs.vtp'.
[2022-07-02 06:03:09.535] [warning] Couldn't find file 'lunate_lvs.vtp'.
[2022-07-02 06:03:09.535] [warning] Couldn't find file 'scaphoid_lvs.vtp'.
[2022-07-02 06:03:09.535] [warning] Couldn't find file 'triquetrum_lvs.vtp'.
[2022-07-02 06:03:09.535] [warning] Couldn't find file 'hamate_lvs.vtp'.
[2022-07-02 06:03:09.536] [warning] Couldn't find file 'capitate_lvs.vtp'.
[2022-07-02 06:03:09.536] [warning] Couldn't find file 'trapezoid_lvs.vtp'.
[2022-07-02 06:03:09.536] [warning] Couldn't find file 'trapezium_lvs.vtp'.
[2022-07-02 06:03:09.536] [warning] Couldn't find file 'metacarpal2_lvs.vtp'.
[2022-07-02 06:03:09.536] [warning] Couldn't find file 'index_proximal_lvs.vtp'.
[2022-07-02 06:03:09.536] [warning] Couldn't find file 'index_medial_lvs.vtp'.
[2022-07-02 06:03:09.536] [warning] Couldn't find file 'index_distal_lvs.vtp'.
[2022-07-02 06:03:09.537] [warning] Couldn't find file 'metacarpal3_lvs.vtp'.
[2022-07-02 06:03:09.537] [warning] Couldn't find file 'middle_proximal_lvs.vtp'.
[2022-07-02 06:03:09.537] [warning] Couldn't find file 'middle_medial_lvs.vtp'.
[2022-07-02 06:03:09.537] [warning] Couldn't find file 'middle_distal_lvs.vtp'.
[2022-07-02 06:03:09.537] [warning] Couldn't find file 'metacarpal4_lvs.vtp'.
[2022-07-02 06:03:09.537] [warning] Couldn't find file 'ring_proximal_lvs.vtp'.
[2022-07-02 06:03:09.538] [warning] Couldn't find file 'ring_medial_lvs.vtp'.
[2022-07-02 06:03:09.538] [warning] Couldn't find file 'ring_distal_lvs.vtp'.
[2022-07-02 06:03:09.538] [warning] Couldn't find file 'metacarpal5_lvs.vtp'.
[2022-07-02 06:03:09.538] [warning] Couldn't find file 'little_proximal_lvs.vtp'.
[2022-07-02 06:03:09.538] [warning] Couldn't find file 'little_medial_lvs.vtp'.
[2022-07-02 06:03:09.538] [warning] Couldn't find file 'little_distal_lvs.vtp'.
[2022-07-02 06:03:09.539] [warning] Couldn't find file 'metacarpal1_lvs.vtp'.
[2022-07-02 06:03:09.539] [warning] Couldn't find file 'thumb_proximal_lvs.vtp'.
[2022-07-02 06:03:09.539] [warning] Couldn't find file 'thumb_distal_lvs.vtp'.
