[2026-04-23 22:38:57.999] [info] Loaded model TRAIL012 from file C:\Users\psrit\Documents\data\TRAIL\outputDatabase\hfd\hfd\TRAIL012\BASELINE\TRAIL012_HFD_LEFT03\TRAIL012.osim
[2026-04-23 22:38:58.000] [warning] Couldn't find file 'r_pelvis.vtp'.
[2026-04-23 22:38:58.000] [warning] Couldn't find file 'l_pelvis.vtp'.
[2026-04-23 22:38:58.000] [warning] Couldn't find file 'sacrum.vtp'.
[2026-04-23 22:38:58.000] [warning] Couldn't find file 'r_femur.vtp'.
[2026-04-23 22:38:58.000] [warning] Couldn't find file 'r_tibia.vtp'.
[2026-04-23 22:38:58.000] [warning] Couldn't find file 'r_fibula.vtp'.
[2026-04-23 22:38:58.000] [warning] Couldn't find file 'r_patella.vtp'.
[2026-04-23 22:38:58.000] [warning] Couldn't find file 'r_talus.vtp'.
[2026-04-23 22:38:58.000] [warning] Couldn't find file 'r_foot.vtp'.
[2026-04-23 22:38:58.000] [warning] Couldn't find file 'r_bofoot.vtp'.
[2026-04-23 22:38:58.000] [warning] Couldn't find file 'l_femur.vtp'.
[2026-04-23 22:38:58.000] [warning] Couldn't find file 'l_tibia.vtp'.
[2026-04-23 22:38:58.000] [warning] Couldn't find file 'l_fibula.vtp'.
[2026-04-23 22:38:58.000] [warning] Couldn't find file 'l_pat.vtp'.
[2026-04-23 22:38:58.000] [warning] Couldn't find file 'l_talus.vtp'.
[2026-04-23 22:38:58.000] [warning] Couldn't find file 'l_foot.vtp'.
[2026-04-23 22:38:58.001] [warning] Couldn't find file 'l_bofoot.vtp'.
[2026-04-23 22:38:58.001] [warning] Couldn't find file 'hat_spine.vtp'.
[2026-04-23 22:38:58.001] [warning] Couldn't find file 'hat_jaw.vtp'.
[2026-04-23 22:38:58.001] [warning] Couldn't find file 'hat_skull.vtp'.
[2026-04-23 22:38:58.001] [warning] Couldn't find file 'hat_ribs_scap.vtp'.
[2026-04-23 22:38:58.001] [warning] Couldn't find file 'humerus_rv.vtp'.
[2026-04-23 22:38:58.001] [warning] Couldn't find file 'ulna_rv.vtp'.
[2026-04-23 22:38:58.001] [warning] Couldn't find file 'radius_rv.vtp'.
[2026-04-23 22:38:58.001] [warning] Couldn't find file 'pisiform_rvs.vtp'.
[2026-04-23 22:38:58.001] [warning] Couldn't find file 'lunate_rvs.vtp'.
[2026-04-23 22:38:58.001] [warning] Couldn't find file 'scaphoid_rvs.vtp'.
[2026-04-23 22:38:58.001] [warning] Couldn't find file 'triquetrum_rvs.vtp'.
[2026-04-23 22:38:58.001] [warning] Couldn't find file 'hamate_rvs.vtp'.
[2026-04-23 22:38:58.001] [warning] Couldn't find file 'capitate_rvs.vtp'.
[2026-04-23 22:38:58.001] [warning] Couldn't find file 'trapezoid_rvs.vtp'.
[2026-04-23 22:38:58.001] [warning] Couldn't find file 'trapezium_rvs.vtp'.
[2026-04-23 22:38:58.001] [warning] Couldn't find file 'metacarpal2_rvs.vtp'.
[2026-04-23 22:38:58.001] [warning] Couldn't find file 'index_proximal_rvs.vtp'.
[2026-04-23 22:38:58.001] [warning] Couldn't find file 'index_medial_rvs.vtp'.
[2026-04-23 22:38:58.001] [warning] Couldn't find file 'index_distal_rvs.vtp'.
[2026-04-23 22:38:58.001] [warning] Couldn't find file 'metacarpal3_rvs.vtp'.
[2026-04-23 22:38:58.001] [warning] Couldn't find file 'middle_proximal_rvs.vtp'.
[2026-04-23 22:38:58.001] [warning] Couldn't find file 'middle_medial_rvs.vtp'.
[2026-04-23 22:38:58.001] [warning] Couldn't find file 'middle_distal_rvs.vtp'.
[2026-04-23 22:38:58.001] [warning] Couldn't find file 'metacarpal4_rvs.vtp'.
[2026-04-23 22:38:58.001] [warning] Couldn't find file 'ring_proximal_rvs.vtp'.
[2026-04-23 22:38:58.001] [warning] Couldn't find file 'ring_medial_rvs.vtp'.
[2026-04-23 22:38:58.001] [warning] Couldn't find file 'ring_distal_rvs.vtp'.
[2026-04-23 22:38:58.002] [warning] Couldn't find file 'metacarpal5_rvs.vtp'.
[2026-04-23 22:38:58.002] [warning] Couldn't find file 'little_proximal_rvs.vtp'.
[2026-04-23 22:38:58.002] [warning] Couldn't find file 'little_medial_rvs.vtp'.
[2026-04-23 22:38:58.002] [warning] Couldn't find file 'little_distal_rvs.vtp'.
[2026-04-23 22:38:58.002] [warning] Couldn't find file 'metacarpal1_rvs.vtp'.
[2026-04-23 22:38:58.002] [warning] Couldn't find file 'thumb_proximal_rvs.vtp'.
[2026-04-23 22:38:58.002] [warning] Couldn't find file 'thumb_distal_rvs.vtp'.
[2026-04-23 22:38:58.002] [warning] Couldn't find file 'humerus_lv.vtp'.
[2026-04-23 22:38:58.002] [warning] Couldn't find file 'ulna_lv.vtp'.
[2026-04-23 22:38:58.002] [warning] Couldn't find file 'radius_lv.vtp'.
[2026-04-23 22:38:58.002] [warning] Couldn't find file 'pisiform_lvs.vtp'.
[2026-04-23 22:38:58.002] [warning] Couldn't find file 'lunate_lvs.vtp'.
[2026-04-23 22:38:58.002] [warning] Couldn't find file 'scaphoid_lvs.vtp'.
[2026-04-23 22:38:58.002] [warning] Couldn't find file 'triquetrum_lvs.vtp'.
[2026-04-23 22:38:58.002] [warning] Couldn't find file 'hamate_lvs.vtp'.
[2026-04-23 22:38:58.002] [warning] Couldn't find file 'capitate_lvs.vtp'.
[2026-04-23 22:38:58.002] [warning] Couldn't find file 'trapezoid_lvs.vtp'.
[2026-04-23 22:38:58.002] [warning] Couldn't find file 'trapezium_lvs.vtp'.
[2026-04-23 22:38:58.002] [warning] Couldn't find file 'metacarpal2_lvs.vtp'.
[2026-04-23 22:38:58.002] [warning] Couldn't find file 'index_proximal_lvs.vtp'.
[2026-04-23 22:38:58.002] [warning] Couldn't find file 'index_medial_lvs.vtp'.
[2026-04-23 22:38:58.002] [warning] Couldn't find file 'index_distal_lvs.vtp'.
[2026-04-23 22:38:58.002] [warning] Couldn't find file 'metacarpal3_lvs.vtp'.
[2026-04-23 22:38:58.002] [warning] Couldn't find file 'middle_proximal_lvs.vtp'.
[2026-04-23 22:38:58.002] [warning] Couldn't find file 'middle_medial_lvs.vtp'.
[2026-04-23 22:38:58.002] [warning] Couldn't find file 'middle_distal_lvs.vtp'.
[2026-04-23 22:38:58.002] [warning] Couldn't find file 'metacarpal4_lvs.vtp'.
[2026-04-23 22:38:58.003] [warning] Couldn't find file 'ring_proximal_lvs.vtp'.
[2026-04-23 22:38:58.003] [warning] Couldn't find file 'ring_medial_lvs.vtp'.
[2026-04-23 22:38:58.003] [warning] Couldn't find file 'ring_distal_lvs.vtp'.
[2026-04-23 22:38:58.003] [warning] Couldn't find file 'metacarpal5_lvs.vtp'.
[2026-04-23 22:38:58.003] [warning] Couldn't find file 'little_proximal_lvs.vtp'.
[2026-04-23 22:38:58.003] [warning] Couldn't find file 'little_medial_lvs.vtp'.
[2026-04-23 22:38:58.003] [warning] Couldn't find file 'little_distal_lvs.vtp'.
[2026-04-23 22:38:58.003] [warning] Couldn't find file 'metacarpal1_lvs.vtp'.
[2026-04-23 22:38:58.003] [warning] Couldn't find file 'thumb_proximal_lvs.vtp'.
[2026-04-23 22:38:58.003] [warning] Couldn't find file 'thumb_distal_lvs.vtp'.
[2026-04-23 22:38:58.018] [warning] ExternalLoades: external_loads_model_kinematics_file option is not supported anymore. Results may change.
[2026-04-23 22:38:58.023] [cout] [critical] 
               MODEL: TRAIL012
         coordinates: 39
              forces: 97
           actuators: 97
             muscles: 80
            analyses: 0
              probes: 0
              bodies: 22
              joints: 22
         constraints: 2
             markers: 48
         controllers: 0
  contact geometries: 0
misc modelcomponents: 0
[2026-04-23 22:38:58.023] [info] Running tool InverseDynamics...
[2026-04-23 22:38:58.059] [info] ExternalLoads 'ExternalLoads' was renamed and is being reset to 'externalloads'.
[2026-04-23 22:38:58.083] [info] Storage: read data file = C:\Users\psrit\Documents\data\TRAIL\outputDatabase\hfd\hfd\TRAIL012\BASELINE\TRAIL012_HFD_LEFT03\TRAIL012_HFD_LEFT03_grf.mot (nr=7704 nc=19)
[2026-04-23 22:38:58.135] [info] ExternalForce::Right Data source being set to TRAIL012_HFD_LEFT03_grf.mot
[2026-04-23 22:38:58.135] [info] ExternalForce::Left Data source being set to TRAIL012_HFD_LEFT03_grf.mot
[2026-04-23 22:38:58.159] [info] Storage: read data file = C:\Users\psrit\Documents\data\TRAIL\outputDatabase\hfd\hfd\TRAIL012\BASELINE\TRAIL012_HFD_LEFT03\ik\TRAIL012_HFD_LEFT03_ik.mot (nr=825 nc=40)
[2026-04-23 22:38:58.174] [info] Low-pass filtering coordinates data with a cutoff frequency of 6.0...
[2026-04-23 22:38:59.565] [info] InverseDynamicsTool: 819 time frames in 638 millisecond(s).
