AbstractTool GenericAnalysis loading model 'C:\Users\Owner\Documents\data\TRAIL Test Data\outputDatabase\TRAIL_071\Baseline\TRAIL_071_EP_01\TRAIL_071.osim'
Loaded model TRAIL_071 from file C:\Users\Owner\Documents\data\TRAIL Test Data\outputDatabase\TRAIL_071\Baseline\TRAIL_071_EP_01\TRAIL_071.osim
Couldn't find file 'r_pelvis.vtp'.
Couldn't find file 'l_pelvis.vtp'.
Couldn't find file 'sacrum.vtp'.
Couldn't find file 'r_femur.vtp'.
Couldn't find file 'r_tibia.vtp'.
Couldn't find file 'r_fibula.vtp'.
Couldn't find file 'r_patella.vtp'.
Couldn't find file 'r_talus.vtp'.
Couldn't find file 'r_foot.vtp'.
Couldn't find file 'r_bofoot.vtp'.
Couldn't find file 'l_femur.vtp'.
Couldn't find file 'l_tibia.vtp'.
Couldn't find file 'l_fibula.vtp'.
Couldn't find file 'l_patella.vtp'.
Couldn't find file 'l_talus.vtp'.
Couldn't find file 'l_foot.vtp'.
Couldn't find file 'l_bofoot.vtp'.
Couldn't find file 'hat_spine.vtp'.
Couldn't find file 'hat_jaw.vtp'.
Couldn't find file 'hat_skull.vtp'.
Couldn't find file 'hat_ribs_scap.vtp'.
Couldn't find file 'humerus_rv.vtp'.
Couldn't find file 'ulna_rv.vtp'.
Couldn't find file 'radius_rv.vtp'.
Couldn't find file 'pisiform_rvs.vtp'.
Couldn't find file 'lunate_rvs.vtp'.
Couldn't find file 'scaphoid_rvs.vtp'.
Couldn't find file 'triquetrum_rvs.vtp'.
Couldn't find file 'hamate_rvs.vtp'.
Couldn't find file 'capitate_rvs.vtp'.
Couldn't find file 'trapezoid_rvs.vtp'.
Couldn't find file 'trapezium_rvs.vtp'.
Couldn't find file 'metacarpal2_rvs.vtp'.
Couldn't find file 'index_proximal_rvs.vtp'.
Couldn't find file 'index_medial_rvs.vtp'.
Couldn't find file 'index_distal_rvs.vtp'.
Couldn't find file 'metacarpal3_rvs.vtp'.
Couldn't find file 'middle_proximal_rvs.vtp'.
Couldn't find file 'middle_medial_rvs.vtp'.
Couldn't find file 'middle_distal_rvs.vtp'.
Couldn't find file 'metacarpal4_rvs.vtp'.
Couldn't find file 'ring_proximal_rvs.vtp'.
Couldn't find file 'ring_medial_rvs.vtp'.
Couldn't find file 'ring_distal_rvs.vtp'.
Couldn't find file 'metacarpal5_rvs.vtp'.
Couldn't find file 'little_proximal_rvs.vtp'.
Couldn't find file 'little_medial_rvs.vtp'.
Couldn't find file 'little_distal_rvs.vtp'.
Couldn't find file 'metacarpal1_rvs.vtp'.
Couldn't find file 'thumb_proximal_rvs.vtp'.
Couldn't find file 'thumb_distal_rvs.vtp'.
Couldn't find file 'humerus_lv.vtp'.
Couldn't find file 'ulna_lv.vtp'.
Couldn't find file 'radius_lv.vtp'.
Couldn't find file 'pisiform_lvs.vtp'.
Couldn't find file 'lunate_lvs.vtp'.
Couldn't find file 'scaphoid_lvs.vtp'.
Couldn't find file 'triquetrum_lvs.vtp'.
Couldn't find file 'hamate_lvs.vtp'.
Couldn't find file 'capitate_lvs.vtp'.
Couldn't find file 'trapezoid_lvs.vtp'.
Couldn't find file 'trapezium_lvs.vtp'.
Couldn't find file 'metacarpal2_lvs.vtp'.
Couldn't find file 'index_proximal_lvs.vtp'.
Couldn't find file 'index_medial_lvs.vtp'.
Couldn't find file 'index_distal_lvs.vtp'.
Couldn't find file 'metacarpal3_lvs.vtp'.
Couldn't find file 'middle_proximal_lvs.vtp'.
Couldn't find file 'middle_medial_lvs.vtp'.
Couldn't find file 'middle_distal_lvs.vtp'.
Couldn't find file 'metacarpal4_lvs.vtp'.
Couldn't find file 'ring_proximal_lvs.vtp'.
Couldn't find file 'ring_medial_lvs.vtp'.
Couldn't find file 'ring_distal_lvs.vtp'.
Couldn't find file 'metacarpal5_lvs.vtp'.
Couldn't find file 'little_proximal_lvs.vtp'.
Couldn't find file 'little_medial_lvs.vtp'.
Couldn't find file 'little_distal_lvs.vtp'.
Couldn't find file 'metacarpal1_lvs.vtp'.
Couldn't find file 'thumb_proximal_lvs.vtp'.
Couldn't find file 'thumb_distal_lvs.vtp'.
Adding force object set from C:\Users\Owner\Documents\projects\lasem-trail-running\python-pipeline\opensim-reference-setup\LASEM_TRAIL_Reserve_Actuators.xml
ExternalLoads 'ExternalLoads' was renamed and is being reset to 'externalloads'.
Old version storage/motion file encountered
Storage: read data file =C:\Users\Owner\Documents\data\TRAIL Test Data\outputDatabase\TRAIL_071\Baseline\TRAIL_071_EP_01\TRAIL_071_EP_01_grf.mot (nr=1620 nc=19)
.. assuming rotations in Degrees.
ExternalForce::Right
Data source being set to TRAIL_071_EP_01_grf.mot
ExternalForce::Left
Data source being set to TRAIL_071_EP_01_grf.mot

Loading coordinates from file C:\Users\Owner\Documents\data\TRAIL Test Data\outputDatabase\TRAIL_071\Baseline\TRAIL_071_EP_01\ik\TRAIL_071_EP_01_ik.mot.
Storage: read data file =C:\Users\Owner\Documents\data\TRAIL Test Data\outputDatabase\TRAIL_071\Baseline\TRAIL_071_EP_01\ik\TRAIL_071_EP_01_ik.mot (nr=225 nc=40)


Low-pass filtering coordinates data with a cutoff frequency of 6...

AssemblySolver::track() attempt Failed: SimTK Exception thrown at Assembler.cpp:973:
  Method Assembler::track() failed because:
Unable to achieve required assembly error tolerance.
Assembly error tolerance achieved: 9.8834306446601693e-09 required: 1e-10.
Model unable to assemble: AssemblySolver::assemble() Failed: SimTK Exception thrown at Assembler.cpp:897:
  Method Assembler::assemble() failed because:
Unable to achieve required assembly error tolerance.
Assembly error tolerance achieved: 9.8834306447567758e-09 required: 1e-10.
Model relaxing constraints and trying again.
Found 449 state vectors with time stamps ranging from -0.435 to 1.805.
Executing the analyses from 0.124999 to 1.245...
Old version storage/motion file encountered
Storage: read data file =C:\Users\Owner\Documents\data\TRAIL Test Data\outputDatabase\TRAIL_071\Baseline\TRAIL_071_EP_01\TRAIL_071_EP_01_grf.mot (nr=1620 nc=19)
.. assuming rotations in Degrees.
ExternalForce::Right
Data source being set to TRAIL_071_EP_01_grf.mot
ExternalForce::Left
Data source being set to TRAIL_071_EP_01_grf.mot
Old version storage/motion file encountered
Storage: read data file =C:\Users\Owner\Documents\data\TRAIL Test Data\outputDatabase\TRAIL_071\Baseline\TRAIL_071_EP_01\TRAIL_071_EP_01_grf.mot (nr=1620 nc=19)
.. assuming rotations in Degrees.
ExternalForce::Right
Data source being set to TRAIL_071_EP_01_grf.mot
ExternalForce::Left
Data source being set to TRAIL_071_EP_01_grf.mot

time = 0.124999 Performance = 7725.76 Constraint violation = 1.85576e-10
Bounds for addbrev_r: 0.01 to 1
Bounds for addlong_r: 0.01 to 1
Bounds for addmagDist_r: 0.01 to 1
Bounds for addmagIsch_r: 0.01 to 1
Bounds for addmagMid_r: 0.01 to 1
Bounds for addmagProx_r: 0.01 to 1
Bounds for bflh_r: 0.01 to 1
Bounds for bfsh_r: 0.01 to 1
Bounds for edl_r: 0.01 to 1
Bounds for ehl_r: 0.01 to 1
Bounds for fdl_r: 0.01 to 1
Bounds for fhl_r: 0.01 to 1
Bounds for gaslat_r: 0.01 to 1
Bounds for gasmed_r: 0.01 to 1
Bounds for glmax1_r: 0.01 to 1
Bounds for glmax2_r: 0.01 to 1
Bounds for glmax3_r: 0.01 to 1
Bounds for glmed1_r: 0.01 to 1
Bounds for glmed2_r: 0.01 to 1
Bounds for glmed3_r: 0.01 to 1
Bounds for glmin1_r: 0.01 to 1
Bounds for glmin2_r: 0.01 to 1
Bounds for glmin3_r: 0.01 to 1
Bounds for grac_r: 0.01 to 1
Bounds for iliacus_r: 0.01 to 1
Bounds for perbrev_r: 0.01 to 1
Bounds for perlong_r: 0.01 to 1
Bounds for piri_r: 0.01 to 1
Bounds for psoas_r: 0.01 to 1
Bounds for recfem_r: 0.01 to 1
Bounds for sart_r: 0.01 to 1
Bounds for semimem_r: 0.01 to 1
Bounds for semiten_r: 0.01 to 1
Bounds for soleus_r: 0.01 to 1
Bounds for tfl_r: 0.01 to 1
Bounds for tibant_r: 0.01 to 1
Bounds for tibpost_r: 0.01 to 1
Bounds for vasint_r: 0.01 to 1
Bounds for vaslat_r: 0.01 to 1
Bounds for vasmed_r: 0.01 to 1
Bounds for addbrev_l: 0.01 to 1
Bounds for addlong_l: 0.01 to 1
Bounds for addmagDist_l: 0.01 to 1
Bounds for addmagIsch_l: 0.01 to 1
Bounds for addmagMid_l: 0.01 to 1
Bounds for addmagProx_l: 0.01 to 1
Bounds for bflh_l: 0.01 to 1
Bounds for bfsh_l: 0.01 to 1
Bounds for edl_l: 0.01 to 1
Bounds for ehl_l: 0.01 to 1
Bounds for fdl_l: 0.01 to 1
Bounds for fhl_l: 0.01 to 1
Bounds for gaslat_l: 0.01 to 1
Bounds for gasmed_l: 0.01 to 1
Bounds for glmax1_l: 0.01 to 1
Bounds for glmax2_l: 0.01 to 1
Bounds for glmax3_l: 0.01 to 1
Bounds for glmed1_l: 0.01 to 1
Bounds for glmed2_l: 0.01 to 1
Bounds for glmed3_l: 0.01 to 1
Bounds for glmin1_l: 0.01 to 1
Bounds for glmin2_l: 0.01 to 1
Bounds for glmin3_l: 0.01 to 1
Bounds for grac_l: 0.01 to 1
Bounds for iliacus_l: 0.01 to 1
Bounds for perbrev_l: 0.01 to 1
Bounds for perlong_l: 0.01 to 1
Bounds for piri_l: 0.01 to 1
Bounds for psoas_l: 0.01 to 1
Bounds for recfem_l: 0.01 to 1
Bounds for sart_l: 0.01 to 1
Bounds for semimem_l: 0.01 to 1
Bounds for semiten_l: 0.01 to 1
Bounds for soleus_l: 0.01 to 1
Bounds for tfl_l: 0.01 to 1
Bounds for tibant_l: 0.01 to 1
Bounds for tibpost_l: 0.01 to 1
Bounds for vasint_l: 0.01 to 1
Bounds for vaslat_l: 0.01 to 1
Bounds for vasmed_l: 0.01 to 1
Bounds for lumbar_ext: -inf to inf
Bounds for lumbar_bend: -inf to inf
Bounds for lumbar_rot: -inf to inf
Bounds for shoulder_flex_r: -inf to inf
Bounds for shoulder_add_r: -inf to inf
Bounds for shoulder_rot_r: -inf to inf
Bounds for elbow_flex_r: -inf to inf
Bounds for pro_sup_r: -inf to inf
Bounds for wrist_flex_r: -inf to inf
Bounds for wrist_dev_r: -inf to inf
Bounds for shoulder_flex_l: -inf to inf
Bounds for shoulder_add_l: -inf to inf
Bounds for shoulder_rot_l: -inf to inf
Bounds for elbow_flex_l: -inf to inf
Bounds for pro_sup_l: -inf to inf
Bounds for wrist_flex_l: -inf to inf
Bounds for wrist_dev_l: -inf to inf
Bounds for FX: -inf to inf
Bounds for FY: -inf to inf
Bounds for FZ: -inf to inf
Bounds for MX: -inf to inf
Bounds for MY: -inf to inf
Bounds for MZ: -inf to inf
Bounds for reserve_hip_flexion_r: -inf to inf
Bounds for reserve_hip_adduction_r: -inf to inf
Bounds for reserve_hip_rotation_r: -inf to inf
Bounds for reserve_knee_angle_r: -inf to inf
Bounds for reserve_ankle_angle_r: -inf to inf
Bounds for reserve_subtalar_angle_r: -inf to inf
Bounds for reserve_mtp_angle_r: -inf to inf
Bounds for reserve_hip_flexion_l: -inf to inf
Bounds for reserve_hip_adduction_l: -inf to inf
Bounds for reserve_hip_rotation_l: -inf to inf
Bounds for reserve_knee_angle_l: -inf to inf
Bounds for reserve_ankle_angle_l: -inf to inf
Bounds for reserve_subtalar_angle_l: -inf to inf
Bounds for reserve_mtp_angle_l: -inf to inf

time = 0.129999 Performance = 8054.03 Constraint violation = 2.33765e-10

time = 0.134999 Performance = 7901.3 Constraint violation = 2.64432e-11

time = 0.139999 Performance = 5321.36 Constraint violation = 2.33259e-10

time = 0.144999 Performance = 1613.17 Constraint violation = 1.09411e-10

time = 0.149999 Performance = 574.275 Constraint violation = 1.68126e-11

time = 0.154999 Performance = 216.794 Constraint violation = 4.61067e-12

time = 0.159999 Performance = 660.349 Constraint violation = 1.39724e-11

time = 0.164999 Performance = 1210.32 Constraint violation = 1.86047e-11

time = 0.169999 Performance = 1621.61 Constraint violation = 7.4549e-11

time = 0.174999 Performance = 2185.68 Constraint violation = 1.15468e-09

time = 0.179999 Performance = 2123.13 Constraint violation = 8.18667e-11

time = 0.184999 Performance = 2074.09 Constraint violation = 1.19133e-10

time = 0.189999 Performance = 1538.51 Constraint violation = 1.57388e-10

time = 0.194999 Performance = 1050.52 Constraint violation = 5.02265e-12

time = 0.199999 Performance = 644.297 Constraint violation = 2.38455e-12

time = 0.204999 Performance = 411.487 Constraint violation = 2.67674e-12

time = 0.209999 Performance = 328.039 Constraint violation = 6.4342e-12

time = 0.214999 Performance = 303.788 Constraint violation = 7.60434e-13

time = 0.219999 Performance = 285.895 Constraint violation = 4.05861e-12

time = 0.224999 Performance = 262.478 Constraint violation = 2.29856e-12

time = 0.229999 Performance = 257.429 Constraint violation = 8.20243e-12

time = 0.234999 Performance = 246.671 Constraint violation = 1.0108e-12

time = 0.239999 Performance = 245.836 Constraint violation = 6.14486e-12

time = 0.244999 Performance = 271.426 Constraint violation = 2.6779e-12

time = 0.249999 Performance = 294.237 Constraint violation = 2.20847e-12

time = 0.254999 Performance = 318.642 Constraint violation = 7.41124e-12

time = 0.259999 Performance = 391.708 Constraint violation = 5.50988e-12

time = 0.264999 Performance = 492.707 Constraint violation = 1.29606e-11

time = 0.269999 Performance = 1139.04 Constraint violation = 0.000116306

time = 0.274999 Performance = 2834.25 Constraint violation = 0.000140715

time = 0.279999 Performance = 4716.67 Constraint violation = 0.000137855

time = 0.284999 Performance = 6220.74 Constraint violation = 0.000130946

time = 0.289999 Performance = 7352.36 Constraint violation = 0.000124374

time = 0.294999 Performance = 7818.12 Constraint violation = 0.000117734

time = 0.299999 Performance = 7645.37 Constraint violation = 0.000111276

time = 0.304999 Performance = 7059.3 Constraint violation = 0.000105222

time = 0.309999 Performance = 5886.79 Constraint violation = 9.8506e-05

time = 0.314998 Performance = 4520.96 Constraint violation = 9.05234e-05

time = 0.319998 Performance = 2945.96 Constraint violation = 7.8736e-05

time = 0.324998 Performance = 1601.51 Constraint violation = 5.85737e-05

time = 0.329998 Performance = 689.814 Constraint violation = 1.94828e-05

time = 0.334998 Performance = 344.516 Constraint violation = 2.12934e-11

time = 0.339998 Performance = 199.821 Constraint violation = 9.82537e-12

time = 0.344998 Performance = 131.304 Constraint violation = 1.53366e-12

time = 0.349998 Performance = 107.072 Constraint violation = 8.06188e-13

time = 0.354998 Performance = 97.001 Constraint violation = 5.25185e-13

time = 0.359998 Performance = 101.651 Constraint violation = 1.16403e-12

time = 0.364998 Performance = 121.588 Constraint violation = 1.04782e-12

time = 0.369998 Performance = 93.2132 Constraint violation = 3.1638e-13

time = 0.374998 Performance = 144.313 Constraint violation = 3.84814e-13

time = 0.379998 Performance = 196.049 Constraint violation = 1.70601e-12

time = 0.384998 Performance = 239.938 Constraint violation = 2.41831e-12

time = 0.389998 Performance = 270.567 Constraint violation = 6.25038e-13

time = 0.394998 Performance = 286.447 Constraint violation = 5.58163e-13

time = 0.399998 Performance = 288.14 Constraint violation = 5.88636e-13

time = 0.404998 Performance = 277.86 Constraint violation = 7.5248e-13

time = 0.409998 Performance = 258.576 Constraint violation = 3.29931e-12

time = 0.414998 Performance = 233.377 Constraint violation = 3.38497e-12

time = 0.419998 Performance = 204.733 Constraint violation = 1.95671e-12

time = 0.424998 Performance = 174.548 Constraint violation = 2.33317e-12

time = 0.429998 Performance = 144.584 Constraint violation = 1.40065e-12

time = 0.434998 Performance = 117.053 Constraint violation = 6.97743e-13

time = 0.439998 Performance = 95.3028 Constraint violation = 7.13355e-13

time = 0.444998 Performance = 84.6651 Constraint violation = 9.89709e-13

time = 0.449998 Performance = 93.9477 Constraint violation = 1.28409e-12

time = 0.454998 Performance = 135.691 Constraint violation = 1.30641e-12

time = 0.459998 Performance = 226.887 Constraint violation = 7.6838e-13

time = 0.464998 Performance = 388.418 Constraint violation = 4.61583e-12

time = 0.469998 Performance = 646.462 Constraint violation = 2.66592e-12

time = 0.474998 Performance = 1029.97 Constraint violation = 1.0379e-11

time = 0.479998 Performance = 1569.46 Constraint violation = 6.22913e-11

time = 0.484998 Performance = 2294.78 Constraint violation = 3.29246e-11

time = 0.489998 Performance = 3232.43 Constraint violation = 2.9582e-11

time = 0.494998 Performance = 3829.62 Constraint violation = 2.19033e-11

time = 0.499998 Performance = 4546.54 Constraint violation = 7.68896e-12

time = 0.504998 Performance = 3917.75 Constraint violation = 3.03114e-10

time = 0.509998 Performance = 1070.4 Constraint violation = 1.41908e-11

time = 0.514998 Performance = 357.543 Constraint violation = 2.36375e-12

time = 0.519998 Performance = 1039.84 Constraint violation = 2.50792e-10

time = 0.524998 Performance = 62.9828 Constraint violation = 1.18799e-11

time = 0.529998 Performance = 506.447 Constraint violation = 2.27319e-12

time = 0.534998 Performance = 792.122 Constraint violation = 2.20079e-11

time = 0.539998 Performance = 1425.18 Constraint violation = 2.62662e-10

time = 0.544998 Performance = 1587.23 Constraint violation = 1.3245e-11

time = 0.549998 Performance = 1743.87 Constraint violation = 1.89979e-10

time = 0.554998 Performance = 1539.99 Constraint violation = 1.3314e-11

time = 0.559998 Performance = 1161.45 Constraint violation = 8.95547e-11

time = 0.564998 Performance = 856.155 Constraint violation = 3.52219e-10

time = 0.569998 Performance = 602.04 Constraint violation = 5.48275e-12

time = 0.574998 Performance = 411.466 Constraint violation = 2.05336e-12

time = 0.579998 Performance = 324.451 Constraint violation = 4.29087e-12

time = 0.584998 Performance = 281.05 Constraint violation = 2.42378e-12

time = 0.589998 Performance = 245.788 Constraint violation = 2.14459e-12

time = 0.594998 Performance = 222.234 Constraint violation = 1.47087e-11

time = 0.599998 Performance = 251.615 Constraint violation = 1.42028e-11

time = 0.604998 Performance = 276.488 Constraint violation = 1.13266e-12

time = 0.609998 Performance = 434.506 Constraint violation = 4.02335e-12

time = 0.614998 Performance = 499.397 Constraint violation = 1.23575e-11

time = 0.619998 Performance = 520.729 Constraint violation = 3.80124e-12

time = 0.624998 Performance = 579.785 Constraint violation = 9.15017e-12

time = 0.629998 Performance = 688.139 Constraint violation = 1.30151e-11

time = 0.634998 Performance = 1256.56 Constraint violation = 0.000116129

time = 0.639998 Performance = 2734.65 Constraint violation = 0.000142879

time = 0.644998 Performance = 4214.54 Constraint violation = 0.000141092

time = 0.649998 Performance = 5359.92 Constraint violation = 0.000133695

time = 0.654998 Performance = 5916.12 Constraint violation = 0.000124906

time = 0.659998 Performance = 5968.29 Constraint violation = 0.00011641

time = 0.664998 Performance = 5458.41 Constraint violation = 0.000107808

time = 0.669998 Performance = 4527.75 Constraint violation = 9.83324e-05

time = 0.674998 Performance = 3311.11 Constraint violation = 8.45332e-05

time = 0.679998 Performance = 2067.02 Constraint violation = 6.53455e-05

time = 0.684998 Performance = 1071.99 Constraint violation = 3.99735e-05

time = 0.689998 Performance = 539.984 Constraint violation = 1.20079e-11

time = 0.694998 Performance = 319.618 Constraint violation = 1.69918e-12

time = 0.699998 Performance = 183.997 Constraint violation = 2.28529e-12

time = 0.704998 Performance = 145.333 Constraint violation = 1.03913e-12

time = 0.709998 Performance = 125.859 Constraint violation = 4.92919e-13

time = 0.714998 Performance = 120.599 Constraint violation = 2.20488e-12

time = 0.719998 Performance = 124.796 Constraint violation = 6.21235e-13

time = 0.724998 Performance = 140.414 Constraint violation = 3.458e-13

time = 0.729998 Performance = 119.092 Constraint violation = 1.08117e-12

time = 0.734998 Performance = 177.958 Constraint violation = 2.28873e-12

time = 0.739998 Performance = 231.472 Constraint violation = 4.04874e-12

time = 0.744998 Performance = 273.249 Constraint violation = 8.71055e-13

time = 0.749998 Performance = 299.587 Constraint violation = 8.00412e-12

time = 0.754998 Performance = 309.884 Constraint violation = 7.62449e-12

time = 0.759998 Performance = 305.644 Constraint violation = 6.8369e-13

time = 0.764998 Performance = 289.435 Constraint violation = 2.80111e-12

time = 0.769998 Performance = 264.316 Constraint violation = 2.18671e-12

time = 0.774998 Performance = 233.651 Constraint violation = 4.1204e-12

time = 0.779998 Performance = 200.231 Constraint violation = 7.65301e-12

time = 0.784998 Performance = 166.237 Constraint violation = 1.07148e-11

time = 0.789998 Performance = 133.377 Constraint violation = 1.32736e-12

time = 0.794998 Performance = 103.104 Constraint violation = 1.26918e-12

time = 0.799998 Performance = 76.9556 Constraint violation = 3.71504e-13

time = 0.804998 Performance = 56.8856 Constraint violation = 1.62336e-12

time = 0.809998 Performance = 45.7319 Constraint violation = 8.22047e-13

time = 0.814997 Performance = 47.6424 Constraint violation = 9.85456e-13

time = 0.819997 Performance = 68.4875 Constraint violation = 9.97953e-13

time = 0.824997 Performance = 115.887 Constraint violation = 1.15319e-12

time = 0.829997 Performance = 200.319 Constraint violation = 5.85524e-13

time = 0.834997 Performance = 334.902 Constraint violation = 1.49806e-12

time = 0.839997 Performance = 535.574 Constraint violation = 1.14809e-12

time = 0.844997 Performance = 820.854 Constraint violation = 1.97808e-12

time = 0.849997 Performance = 1212.33 Constraint violation = 1.06567e-12

time = 0.854997 Performance = 1733.15 Constraint violation = 9.87216e-11

time = 0.859997 Performance = 2406.61 Constraint violation = 3.4309e-11

time = 0.864997 Performance = 3253.3 Constraint violation = 6.62777e-11

time = 0.869997 Performance = 4290.74 Constraint violation = 7.74668e-11

time = 0.874997 Performance = 5528.81 Constraint violation = 1.16106e-10

time = 0.879997 Performance = 6968.67 Constraint violation = 5.19236e-10

time = 0.884997 Performance = 8601.94 Constraint violation = 2.49587e-11

time = 0.889997 Performance = 10412.7 Constraint violation = 8.21871e-10

time = 0.894997 Performance = 12377.9 Constraint violation = 1.45652e-10

time = 0.899997 Performance = 14468.6 Constraint violation = 6.15227e-11

time = 0.904997 Performance = 16651.9 Constraint violation = 3.12967e-11

time = 0.909997 Performance = 18892.1 Constraint violation = 3.60693e-10

time = 0.914997 Performance = 21149.3 Constraint violation = 6.10069e-12

time = 0.919997 Performance = 23378.7 Constraint violation = 2.92514e-12

time = 0.924997 Performance = 25530.6 Constraint violation = 3.8258e-11

time = 0.929997 Performance = 27552 Constraint violation = 1.70551e-11

time = 0.934997 Performance = 29388.8 Constraint violation = 5.70826e-11

time = 0.939997 Performance = 30988.5 Constraint violation = 2.24154e-10

time = 0.944997 Performance = 32303.4 Constraint violation = 1.58377e-12

time = 0.949997 Performance = 33294.4 Constraint violation = 6.68175e-11

time = 0.954997 Performance = 33932.2 Constraint violation = 3.24331e-10

time = 0.959997 Performance = 34198.8 Constraint violation = 2.31798e-11

time = 0.964997 Performance = 34087.9 Constraint violation = 5.13224e-11

time = 0.969997 Performance = 33604.5 Constraint violation = 8.74298e-11

time = 0.974997 Performance = 32764.3 Constraint violation = 1.30556e-10

time = 0.979997 Performance = 31593.4 Constraint violation = 2.25749e-12

time = 0.984997 Performance = 30126.4 Constraint violation = 1.33396e-10

time = 0.989997 Performance = 28406 Constraint violation = 7.25716e-12

time = 0.994997 Performance = 26481.1 Constraint violation = 3.89092e-11

time = 0.999997 Performance = 24404.5 Constraint violation = 4.45531e-10

time = 1.005 Performance = 22230.4 Constraint violation = 8.74052e-11

time = 1.01 Performance = 20012.9 Constraint violation = 8.08474e-10

time = 1.015 Performance = 17802.5 Constraint violation = 8.17156e-11

time = 1.02 Performance = 15645.1 Constraint violation = 5.08391e-10

time = 1.025 Performance = 13579.5 Constraint violation = 5.76657e-11

time = 1.03 Performance = 11637.1 Constraint violation = 2.90471e-12

time = 1.035 Performance = 9840.83 Constraint violation = 5.55449e-10

time = 1.04 Performance = 8205.64 Constraint violation = 4.96939e-11

time = 1.045 Performance = 6738.73 Constraint violation = 1.57456e-10

time = 1.05 Performance = 5440.81 Constraint violation = 3.82718e-10

time = 1.055 Performance = 4307.95 Constraint violation = 1.01162e-10

time = 1.06 Performance = 3333.05 Constraint violation = 5.26008e-11

time = 1.065 Performance = 2507.2 Constraint violation = 3.20674e-10

time = 1.07 Performance = 1821.02 Constraint violation = 1.57538e-11

time = 1.075 Performance = 1265.68 Constraint violation = 9.45889e-12

time = 1.08 Performance = 830.377 Constraint violation = 5.98329e-11

time = 1.085 Performance = 504.661 Constraint violation = 5.86156e-12

time = 1.09 Performance = 276.884 Constraint violation = 4.83058e-12

time = 1.095 Performance = 133.747 Constraint violation = 8.375e-12

time = 1.1 Performance = 60.6702 Constraint violation = 4.85854e-13

time = 1.105 Performance = 41.5092 Constraint violation = 8.47811e-13

time = 1.11 Performance = 60.639 Constraint violation = 3.74859e-13

time = 1.115 Performance = 103.078 Constraint violation = 4.25971e-13

time = 1.12 Performance = 155.292 Constraint violation = 3.4374e-13

time = 1.125 Performance = 207.442 Constraint violation = 1.48103e-12

time = 1.13 Performance = 252.389 Constraint violation = 9.3512e-13

time = 1.135 Performance = 285.639 Constraint violation = 1.43777e-12

time = 1.14 Performance = 305.504 Constraint violation = 3.70086e-13

time = 1.145 Performance = 312.097 Constraint violation = 5.37073e-12

time = 1.15 Performance = 306.267 Constraint violation = 9.14239e-13

time = 1.155 Performance = 289.225 Constraint violation = 1.25532e-11

time = 1.16 Performance = 262.303 Constraint violation = 2.18019e-11

time = 1.165 Performance = 226.829 Constraint violation = 3.15343e-12

time = 1.17 Performance = 184.385 Constraint violation = 2.42227e-12

time = 1.175 Performance = 137.553 Constraint violation = 8.58804e-13

time = 1.18 Performance = 90.6548 Constraint violation = 5.37296e-13

time = 1.185 Performance = 50.5912 Constraint violation = 5.79401e-13

time = 1.19 Performance = 27.446 Constraint violation = 5.73144e-13

time = 1.195 Performance = 35.182 Constraint violation = 6.51548e-13

time = 1.2 Performance = 91.6023 Constraint violation = 5.92755e-13

time = 1.205 Performance = 217.911 Constraint violation = 1.77819e-12

time = 1.21 Performance = 437.268 Constraint violation = 1.86451e-12

time = 1.215 Performance = 773.562 Constraint violation = 1.87299e-12

time = 1.22 Performance = 1248.81 Constraint violation = 1.27999e-11

time = 1.225 Performance = 1880.52 Constraint violation = 1.03678e-11

time = 1.23 Performance = 2679.38 Constraint violation = 6.88443e-11

time = 1.235 Performance = 3646.79 Constraint violation = 5.75534e-11

time = 1.24 Performance = 4773.77 Constraint violation = 6.9362e-11

time = 1.245 Performance = 6040.89 Constraint violation = 6.2455e-10
Printing results of investigation GenericAnalysis to C:\Users\Owner\Documents\data\TRAIL Test Data\outputDatabase\TRAIL_071\Baseline\TRAIL_071_EP_01\so.
AbstractTool GenericAnalysis loading model 'C:\Users\Owner\Documents\data\TRAIL Test Data\outputDatabase\TRAIL_071\Baseline\TRAIL_071_EP_02\TRAIL_071.osim'
Loaded model TRAIL_071 from file C:\Users\Owner\Documents\data\TRAIL Test Data\outputDatabase\TRAIL_071\Baseline\TRAIL_071_EP_02\TRAIL_071.osim
Couldn't find file 'r_pelvis.vtp'.
Couldn't find file 'l_pelvis.vtp'.
Couldn't find file 'sacrum.vtp'.
Couldn't find file 'r_femur.vtp'.
Couldn't find file 'r_tibia.vtp'.
Couldn't find file 'r_fibula.vtp'.
Couldn't find file 'r_patella.vtp'.
Couldn't find file 'r_talus.vtp'.
Couldn't find file 'r_foot.vtp'.
Couldn't find file 'r_bofoot.vtp'.
Couldn't find file 'l_femur.vtp'.
Couldn't find file 'l_tibia.vtp'.
Couldn't find file 'l_fibula.vtp'.
Couldn't find file 'l_patella.vtp'.
Couldn't find file 'l_talus.vtp'.
Couldn't find file 'l_foot.vtp'.
Couldn't find file 'l_bofoot.vtp'.
Couldn't find file 'hat_spine.vtp'.
Couldn't find file 'hat_jaw.vtp'.
Couldn't find file 'hat_skull.vtp'.
Couldn't find file 'hat_ribs_scap.vtp'.
Couldn't find file 'humerus_rv.vtp'.
Couldn't find file 'ulna_rv.vtp'.
Couldn't find file 'radius_rv.vtp'.
Couldn't find file 'pisiform_rvs.vtp'.
Couldn't find file 'lunate_rvs.vtp'.
Couldn't find file 'scaphoid_rvs.vtp'.
Couldn't find file 'triquetrum_rvs.vtp'.
Couldn't find file 'hamate_rvs.vtp'.
Couldn't find file 'capitate_rvs.vtp'.
Couldn't find file 'trapezoid_rvs.vtp'.
Couldn't find file 'trapezium_rvs.vtp'.
Couldn't find file 'metacarpal2_rvs.vtp'.
Couldn't find file 'index_proximal_rvs.vtp'.
Couldn't find file 'index_medial_rvs.vtp'.
Couldn't find file 'index_distal_rvs.vtp'.
Couldn't find file 'metacarpal3_rvs.vtp'.
Couldn't find file 'middle_proximal_rvs.vtp'.
Couldn't find file 'middle_medial_rvs.vtp'.
Couldn't find file 'middle_distal_rvs.vtp'.
Couldn't find file 'metacarpal4_rvs.vtp'.
Couldn't find file 'ring_proximal_rvs.vtp'.
Couldn't find file 'ring_medial_rvs.vtp'.
Couldn't find file 'ring_distal_rvs.vtp'.
Couldn't find file 'metacarpal5_rvs.vtp'.
Couldn't find file 'little_proximal_rvs.vtp'.
Couldn't find file 'little_medial_rvs.vtp'.
Couldn't find file 'little_distal_rvs.vtp'.
Couldn't find file 'metacarpal1_rvs.vtp'.
Couldn't find file 'thumb_proximal_rvs.vtp'.
Couldn't find file 'thumb_distal_rvs.vtp'.
Couldn't find file 'humerus_lv.vtp'.
Couldn't find file 'ulna_lv.vtp'.
Couldn't find file 'radius_lv.vtp'.
Couldn't find file 'pisiform_lvs.vtp'.
Couldn't find file 'lunate_lvs.vtp'.
Couldn't find file 'scaphoid_lvs.vtp'.
Couldn't find file 'triquetrum_lvs.vtp'.
Couldn't find file 'hamate_lvs.vtp'.
Couldn't find file 'capitate_lvs.vtp'.
Couldn't find file 'trapezoid_lvs.vtp'.
Couldn't find file 'trapezium_lvs.vtp'.
Couldn't find file 'metacarpal2_lvs.vtp'.
Couldn't find file 'index_proximal_lvs.vtp'.
Couldn't find file 'index_medial_lvs.vtp'.
Couldn't find file 'index_distal_lvs.vtp'.
Couldn't find file 'metacarpal3_lvs.vtp'.
Couldn't find file 'middle_proximal_lvs.vtp'.
Couldn't find file 'middle_medial_lvs.vtp'.
Couldn't find file 'middle_distal_lvs.vtp'.
Couldn't find file 'metacarpal4_lvs.vtp'.
Couldn't find file 'ring_proximal_lvs.vtp'.
Couldn't find file 'ring_medial_lvs.vtp'.
Couldn't find file 'ring_distal_lvs.vtp'.
Couldn't find file 'metacarpal5_lvs.vtp'.
Couldn't find file 'little_proximal_lvs.vtp'.
Couldn't find file 'little_medial_lvs.vtp'.
Couldn't find file 'little_distal_lvs.vtp'.
Couldn't find file 'metacarpal1_lvs.vtp'.
Couldn't find file 'thumb_proximal_lvs.vtp'.
Couldn't find file 'thumb_distal_lvs.vtp'.
Adding force object set from C:\Users\Owner\Documents\projects\lasem-trail-running\python-pipeline\opensim-reference-setup\LASEM_TRAIL_Reserve_Actuators.xml
ExternalLoads 'ExternalLoads' was renamed and is being reset to 'externalloads'.
Old version storage/motion file encountered
Storage: read data file =C:\Users\Owner\Documents\data\TRAIL Test Data\outputDatabase\TRAIL_071\Baseline\TRAIL_071_EP_02\TRAIL_071_EP_02_grf.mot (nr=1548 nc=19)
.. assuming rotations in Degrees.
ExternalForce::Right
Data source being set to TRAIL_071_EP_02_grf.mot
ExternalForce::Left
Data source being set to TRAIL_071_EP_02_grf.mot

Loading coordinates from file C:\Users\Owner\Documents\data\TRAIL Test Data\outputDatabase\TRAIL_071\Baseline\TRAIL_071_EP_02\ik\TRAIL_071_EP_02_ik.mot.
Storage: read data file =C:\Users\Owner\Documents\data\TRAIL Test Data\outputDatabase\TRAIL_071\Baseline\TRAIL_071_EP_02\ik\TRAIL_071_EP_02_ik.mot (nr=225 nc=40)


Low-pass filtering coordinates data with a cutoff frequency of 6...

AssemblySolver::track() attempt Failed: SimTK Exception thrown at Assembler.cpp:973:
  Method Assembler::track() failed because:
Unable to achieve required assembly error tolerance.
Assembly error tolerance achieved: 9.9013824452549983e-09 required: 1e-10.
Model unable to assemble: AssemblySolver::assemble() Failed: SimTK Exception thrown at Assembler.cpp:897:
  Method Assembler::assemble() failed because:
Unable to achieve required assembly error tolerance.
Assembly error tolerance achieved: 9.9013824451003933e-09 required: 1e-10.
Model relaxing constraints and trying again.
Found 449 state vectors with time stamps ranging from -0.45 to 1.79.
Executing the analyses from 0.109999 to 1.23...
Old version storage/motion file encountered
Storage: read data file =C:\Users\Owner\Documents\data\TRAIL Test Data\outputDatabase\TRAIL_071\Baseline\TRAIL_071_EP_02\TRAIL_071_EP_02_grf.mot (nr=1548 nc=19)
.. assuming rotations in Degrees.
ExternalForce::Right
Data source being set to TRAIL_071_EP_02_grf.mot
ExternalForce::Left
Data source being set to TRAIL_071_EP_02_grf.mot
Old version storage/motion file encountered
Storage: read data file =C:\Users\Owner\Documents\data\TRAIL Test Data\outputDatabase\TRAIL_071\Baseline\TRAIL_071_EP_02\TRAIL_071_EP_02_grf.mot (nr=1548 nc=19)
.. assuming rotations in Degrees.
ExternalForce::Right
Data source being set to TRAIL_071_EP_02_grf.mot
ExternalForce::Left
Data source being set to TRAIL_071_EP_02_grf.mot

time = 0.109999 Performance = 8085.23 Constraint violation = 1.02577e-09
Bounds for addbrev_r: 0.01 to 1
Bounds for addlong_r: 0.01 to 1
Bounds for addmagDist_r: 0.01 to 1
Bounds for addmagIsch_r: 0.01 to 1
Bounds for addmagMid_r: 0.01 to 1
Bounds for addmagProx_r: 0.01 to 1
Bounds for bflh_r: 0.01 to 1
Bounds for bfsh_r: 0.01 to 1
Bounds for edl_r: 0.01 to 1
Bounds for ehl_r: 0.01 to 1
Bounds for fdl_r: 0.01 to 1
Bounds for fhl_r: 0.01 to 1
Bounds for gaslat_r: 0.01 to 1
Bounds for gasmed_r: 0.01 to 1
Bounds for glmax1_r: 0.01 to 1
Bounds for glmax2_r: 0.01 to 1
Bounds for glmax3_r: 0.01 to 1
Bounds for glmed1_r: 0.01 to 1
Bounds for glmed2_r: 0.01 to 1
Bounds for glmed3_r: 0.01 to 1
Bounds for glmin1_r: 0.01 to 1
Bounds for glmin2_r: 0.01 to 1
Bounds for glmin3_r: 0.01 to 1
Bounds for grac_r: 0.01 to 1
Bounds for iliacus_r: 0.01 to 1
Bounds for perbrev_r: 0.01 to 1
Bounds for perlong_r: 0.01 to 1
Bounds for piri_r: 0.01 to 1
Bounds for psoas_r: 0.01 to 1
Bounds for recfem_r: 0.01 to 1
Bounds for sart_r: 0.01 to 1
Bounds for semimem_r: 0.01 to 1
Bounds for semiten_r: 0.01 to 1
Bounds for soleus_r: 0.01 to 1
Bounds for tfl_r: 0.01 to 1
Bounds for tibant_r: 0.01 to 1
Bounds for tibpost_r: 0.01 to 1
Bounds for vasint_r: 0.01 to 1
Bounds for vaslat_r: 0.01 to 1
Bounds for vasmed_r: 0.01 to 1
Bounds for addbrev_l: 0.01 to 1
Bounds for addlong_l: 0.01 to 1
Bounds for addmagDist_l: 0.01 to 1
Bounds for addmagIsch_l: 0.01 to 1
Bounds for addmagMid_l: 0.01 to 1
Bounds for addmagProx_l: 0.01 to 1
Bounds for bflh_l: 0.01 to 1
Bounds for bfsh_l: 0.01 to 1
Bounds for edl_l: 0.01 to 1
Bounds for ehl_l: 0.01 to 1
Bounds for fdl_l: 0.01 to 1
Bounds for fhl_l: 0.01 to 1
Bounds for gaslat_l: 0.01 to 1
Bounds for gasmed_l: 0.01 to 1
Bounds for glmax1_l: 0.01 to 1
Bounds for glmax2_l: 0.01 to 1
Bounds for glmax3_l: 0.01 to 1
Bounds for glmed1_l: 0.01 to 1
Bounds for glmed2_l: 0.01 to 1
Bounds for glmed3_l: 0.01 to 1
Bounds for glmin1_l: 0.01 to 1
Bounds for glmin2_l: 0.01 to 1
Bounds for glmin3_l: 0.01 to 1
Bounds for grac_l: 0.01 to 1
Bounds for iliacus_l: 0.01 to 1
Bounds for perbrev_l: 0.01 to 1
Bounds for perlong_l: 0.01 to 1
Bounds for piri_l: 0.01 to 1
Bounds for psoas_l: 0.01 to 1
Bounds for recfem_l: 0.01 to 1
Bounds for sart_l: 0.01 to 1
Bounds for semimem_l: 0.01 to 1
Bounds for semiten_l: 0.01 to 1
Bounds for soleus_l: 0.01 to 1
Bounds for tfl_l: 0.01 to 1
Bounds for tibant_l: 0.01 to 1
Bounds for tibpost_l: 0.01 to 1
Bounds for vasint_l: 0.01 to 1
Bounds for vaslat_l: 0.01 to 1
Bounds for vasmed_l: 0.01 to 1
Bounds for lumbar_ext: -inf to inf
Bounds for lumbar_bend: -inf to inf
Bounds for lumbar_rot: -inf to inf
Bounds for shoulder_flex_r: -inf to inf
Bounds for shoulder_add_r: -inf to inf
Bounds for shoulder_rot_r: -inf to inf
Bounds for elbow_flex_r: -inf to inf
Bounds for pro_sup_r: -inf to inf
Bounds for wrist_flex_r: -inf to inf
Bounds for wrist_dev_r: -inf to inf
Bounds for shoulder_flex_l: -inf to inf
Bounds for shoulder_add_l: -inf to inf
Bounds for shoulder_rot_l: -inf to inf
Bounds for elbow_flex_l: -inf to inf
Bounds for pro_sup_l: -inf to inf
Bounds for wrist_flex_l: -inf to inf
Bounds for wrist_dev_l: -inf to inf
Bounds for FX: -inf to inf
Bounds for FY: -inf to inf
Bounds for FZ: -inf to inf
Bounds for MX: -inf to inf
Bounds for MY: -inf to inf
Bounds for MZ: -inf to inf
Bounds for reserve_hip_flexion_r: -inf to inf
Bounds for reserve_hip_adduction_r: -inf to inf
Bounds for reserve_hip_rotation_r: -inf to inf
Bounds for reserve_knee_angle_r: -inf to inf
Bounds for reserve_ankle_angle_r: -inf to inf
Bounds for reserve_subtalar_angle_r: -inf to inf
Bounds for reserve_mtp_angle_r: -inf to inf
Bounds for reserve_hip_flexion_l: -inf to inf
Bounds for reserve_hip_adduction_l: -inf to inf
Bounds for reserve_hip_rotation_l: -inf to inf
Bounds for reserve_knee_angle_l: -inf to inf
Bounds for reserve_ankle_angle_l: -inf to inf
Bounds for reserve_subtalar_angle_l: -inf to inf
Bounds for reserve_mtp_angle_l: -inf to inf

time = 0.114999 Performance = 8128.33 Constraint violation = 6.12853e-10

time = 0.119999 Performance = 7602.44 Constraint violation = 2.25502e-10

time = 0.124999 Performance = 4173.58 Constraint violation = 3.41599e-10

time = 0.129999 Performance = 1191.12 Constraint violation = 1.39503e-11

time = 0.134999 Performance = 501.88 Constraint violation = 9.39784e-12

time = 0.139999 Performance = 140.22 Constraint violation = 2.78283e-12

time = 0.144999 Performance = 206.42 Constraint violation = 3.13934e-12

time = 0.149999 Performance = 547.457 Constraint violation = 1.98272e-12

time = 0.154999 Performance = 849.131 Constraint violation = 2.16409e-12

time = 0.159999 Performance = 1331.66 Constraint violation = 1.60568e-11

time = 0.164999 Performance = 1274.77 Constraint violation = 5.65596e-10

time = 0.169999 Performance = 1115.97 Constraint violation = 1.53393e-11

time = 0.174999 Performance = 805.514 Constraint violation = 4.26458e-11

time = 0.179999 Performance = 593.822 Constraint violation = 3.16453e-11

time = 0.184999 Performance = 434.743 Constraint violation = 1.78048e-12

time = 0.189999 Performance = 325.438 Constraint violation = 5.6436e-12

time = 0.194999 Performance = 273.257 Constraint violation = 1.12547e-12

time = 0.199999 Performance = 253.436 Constraint violation = 9.29057e-12

time = 0.204999 Performance = 211.805 Constraint violation = 3.65401e-12

time = 0.209999 Performance = 195.621 Constraint violation = 1.04948e-12

time = 0.214999 Performance = 177.983 Constraint violation = 1.99866e-12

time = 0.219999 Performance = 157.277 Constraint violation = 1.88746e-12

time = 0.224999 Performance = 148.689 Constraint violation = 9.27234e-12

time = 0.229999 Performance = 142.237 Constraint violation = 3.90776e-12

time = 0.234999 Performance = 160.384 Constraint violation = 5.62123e-12

time = 0.239999 Performance = 213.768 Constraint violation = 3.72155e-12

time = 0.244999 Performance = 305.652 Constraint violation = 1.08724e-12

time = 0.249999 Performance = 425.872 Constraint violation = 1.70118e-11

time = 0.254999 Performance = 875.616 Constraint violation = 8.73161e-05

time = 0.259999 Performance = 2062.57 Constraint violation = 0.000121564

time = 0.264999 Performance = 3359.09 Constraint violation = 0.000124135

time = 0.269999 Performance = 4398.96 Constraint violation = 0.000120102

time = 0.274999 Performance = 5063.77 Constraint violation = 0.000115314

time = 0.279999 Performance = 5178.41 Constraint violation = 0.000109709

time = 0.284999 Performance = 4875.98 Constraint violation = 0.000103701

time = 0.289999 Performance = 4233.26 Constraint violation = 9.68944e-05

time = 0.294999 Performance = 3211.38 Constraint violation = 8.65899e-05

time = 0.299999 Performance = 2136.29 Constraint violation = 6.97006e-05

time = 0.304999 Performance = 1185.2 Constraint violation = 4.23079e-05

time = 0.309999 Performance = 606.309 Constraint violation = 3.70508e-12

time = 0.314999 Performance = 367.357 Constraint violation = 2.80028e-11

time = 0.319998 Performance = 197.522 Constraint violation = 3.6149e-12

time = 0.324998 Performance = 131.387 Constraint violation = 8.02707e-13

time = 0.329998 Performance = 107.592 Constraint violation = 9.15633e-13

time = 0.334998 Performance = 95.7161 Constraint violation = 5.80151e-13

time = 0.339998 Performance = 91.4986 Constraint violation = 1.20392e-12

time = 0.344998 Performance = 104.804 Constraint violation = 1.28685e-12

time = 0.349998 Performance = 87.3424 Constraint violation = 4.44958e-13

time = 0.354998 Performance = 144.48 Constraint violation = 1.05667e-12

time = 0.359998 Performance = 204.601 Constraint violation = 6.48952e-13

time = 0.364998 Performance = 256.455 Constraint violation = 6.55547e-13

time = 0.369998 Performance = 292.508 Constraint violation = 9.88461e-13

time = 0.374998 Performance = 309.727 Constraint violation = 6.11491e-12

time = 0.379998 Performance = 308.161 Constraint violation = 7.57355e-12

time = 0.384998 Performance = 290.457 Constraint violation = 8.59797e-12

time = 0.389998 Performance = 260.852 Constraint violation = 1.32081e-12

time = 0.394998 Performance = 224.185 Constraint violation = 5.54934e-13

time = 0.399998 Performance = 185.078 Constraint violation = 1.55236e-12

time = 0.404998 Performance = 147.752 Constraint violation = 5.18048e-13

time = 0.409998 Performance = 116.179 Constraint violation = 1.55775e-12

time = 0.414998 Performance = 94.6015 Constraint violation = 4.54458e-13

time = 0.419998 Performance = 88.3133 Constraint violation = 5.5696e-13

time = 0.424998 Performance = 104.188 Constraint violation = 1.0067e-12

time = 0.429998 Performance = 151.988 Constraint violation = 1.11312e-12

time = 0.434998 Performance = 245.055 Constraint violation = 4.11727e-12

time = 0.439998 Performance = 399.728 Constraint violation = 1.31487e-12

time = 0.444998 Performance = 634.773 Constraint violation = 8.13382e-13

time = 0.449998 Performance = 973.369 Constraint violation = 2.59188e-12

time = 0.454998 Performance = 1438.95 Constraint violation = 4.54692e-11

time = 0.459998 Performance = 2053.89 Constraint violation = 1.7714e-11

time = 0.464998 Performance = 2406.75 Constraint violation = 1.67159e-11

time = 0.469998 Performance = 2752.72 Constraint violation = 1.06175e-10

time = 0.474998 Performance = 2314.31 Constraint violation = 5.23579e-11

time = 0.479998 Performance = 744.96 Constraint violation = 1.37253e-11

time = 0.484998 Performance = 206.159 Constraint violation = 5.60635e-12

time = 0.489998 Performance = 1329.38 Constraint violation = 8.71113e-11

time = 0.494998 Performance = 531.446 Constraint violation = 6.87156e-12

time = 0.499998 Performance = 212.29 Constraint violation = 4.41259e-12

time = 0.504998 Performance = 1047.05 Constraint violation = 5.87801e-11

time = 0.509998 Performance = 1538.03 Constraint violation = 4.24709e-11

time = 0.514998 Performance = 2249.52 Constraint violation = 1.33528e-09

time = 0.519998 Performance = 2724.87 Constraint violation = 6.96042e-10

time = 0.524998 Performance = 2634.05 Constraint violation = 6.63249e-12

time = 0.529998 Performance = 2290.26 Constraint violation = 1.34344e-10

time = 0.534998 Performance = 1671.85 Constraint violation = 2.33672e-10

time = 0.539998 Performance = 1146.11 Constraint violation = 7.43387e-11

time = 0.544998 Performance = 769.306 Constraint violation = 2.80963e-11

time = 0.549998 Performance = 544.362 Constraint violation = 4.76087e-12

time = 0.554998 Performance = 388.331 Constraint violation = 1.12005e-12

time = 0.559998 Performance = 274.031 Constraint violation = 2.54252e-12

time = 0.564998 Performance = 216.555 Constraint violation = 1.898e-12

time = 0.569998 Performance = 203.463 Constraint violation = 7.49092e-12

time = 0.574998 Performance = 222.676 Constraint violation = 1.11158e-12

time = 0.579998 Performance = 255.779 Constraint violation = 3.784e-12

time = 0.584998 Performance = 438.16 Constraint violation = 1.43824e-05

time = 0.589998 Performance = 900.247 Constraint violation = 1.98498e-05

time = 0.594998 Performance = 1073.24 Constraint violation = 9.19443e-06

time = 0.599998 Performance = 1015.46 Constraint violation = 5.62935e-06

time = 0.604998 Performance = 1003.51 Constraint violation = 2.30692e-05

time = 0.609998 Performance = 1048.61 Constraint violation = 1.90141e-05
SimTK Exception thrown at InteriorPointOptimizer.cpp:264:
  Optimizer failed: Ipopt: Restoration failed (status -2)
OPTIMIZATION FAILED...

StaticOptimization.record:  WARN- The optimizer could not find a solution at time = 0.614998

The model appears too weak for static optimization.
Try increasing the strength and/or range of the following force(s):
   addmagDist_r approaching upper bound of 1
   addmagIsch_r approaching upper bound of 1
   fdl_r approaching upper bound of 1
   fhl_r approaching upper bound of 1
   gaslat_r approaching upper bound of 1
   gasmed_r approaching upper bound of 1
   glmed1_r approaching upper bound of 1
   glmed2_r approaching upper bound of 1
   glmin1_r approaching upper bound of 1
   glmin2_r approaching upper bound of 1
   glmin3_r approaching upper bound of 1
   recfem_r approaching upper bound of 1
   soleus_r approaching upper bound of 1
   tfl_r approaching upper bound of 1
   tibpost_r approaching upper bound of 1
   vasint_r approaching upper bound of 1
   vaslat_r approaching upper bound of 1
   vasmed_r approaching upper bound of 1


time = 0.614998 Performance = 2399.28 Constraint violation = 0.000156872

time = 0.619998 Performance = 5164.04 Constraint violation = 0.000157581
SimTK Exception thrown at InteriorPointOptimizer.cpp:264:
  Optimizer failed: Ipopt: Restoration failed (status -2)
OPTIMIZATION FAILED...

StaticOptimization.record:  WARN- The optimizer could not find a solution at time = 0.624998

The model appears too weak for static optimization.
Try increasing the strength and/or range of the following force(s):
   fdl_r approaching upper bound of 1
   fhl_r approaching upper bound of 1
   gaslat_r approaching upper bound of 1
   gasmed_r approaching upper bound of 1
   glmed1_r approaching upper bound of 1
   soleus_r approaching upper bound of 1
   tfl_r approaching upper bound of 1
   tibpost_r approaching upper bound of 1
   vaslat_r approaching upper bound of 1
   vasmed_r approaching upper bound of 1
   sart_l approaching upper bound of 1


time = 0.624998 Performance = 7836.8 Constraint violation = 0.000147205

time = 0.629998 Performance = 9940.26 Constraint violation = 0.000138081

time = 0.634998 Performance = 11311.7 Constraint violation = 9.32346e-05

time = 0.639998 Performance = 11859 Constraint violation = 0.000121927

time = 0.644998 Performance = 11531.4 Constraint violation = 0.000114554

time = 0.649998 Performance = 10536 Constraint violation = 0.000107806

time = 0.654998 Performance = 8809.6 Constraint violation = 0.00010241

time = 0.659998 Performance = 6577.78 Constraint violation = 9.53516e-05

time = 0.664998 Performance = 4217.81 Constraint violation = 8.48235e-05

time = 0.669998 Performance = 2265.42 Constraint violation = 6.65686e-05

time = 0.674998 Performance = 880.045 Constraint violation = 4.30267e-05

time = 0.679998 Performance = 248.091 Constraint violation = 2.1796e-12

time = 0.684998 Performance = 154.021 Constraint violation = 2.14326e-12

time = 0.689998 Performance = 112.119 Constraint violation = 1.62863e-12

time = 0.694998 Performance = 98.5354 Constraint violation = 6.9854e-13

time = 0.699998 Performance = 94.7308 Constraint violation = 6.90666e-12

time = 0.704998 Performance = 117.292 Constraint violation = 3.0814e-12

time = 0.709998 Performance = 89.4039 Constraint violation = 4.71167e-13

time = 0.714998 Performance = 151.711 Constraint violation = 2.35066e-12

time = 0.719998 Performance = 215.012 Constraint violation = 1.50919e-12

time = 0.724998 Performance = 269.676 Constraint violation = 1.00853e-12

time = 0.729998 Performance = 310.363 Constraint violation = 3.1e-12

time = 0.734998 Performance = 334.635 Constraint violation = 4.13823e-13

time = 0.739998 Performance = 342.348 Constraint violation = 3.77929e-12

time = 0.744998 Performance = 336.439 Constraint violation = 7.36644e-12

time = 0.749998 Performance = 320.3 Constraint violation = 4.65979e-13

time = 0.754998 Performance = 297.445 Constraint violation = 1.02815e-12

time = 0.759998 Performance = 270.878 Constraint violation = 6.87206e-12

time = 0.764998 Performance = 242.949 Constraint violation = 5.97271e-12

time = 0.769998 Performance = 214.749 Constraint violation = 3.00223e-12

time = 0.774998 Performance = 186.609 Constraint violation = 4.63455e-13

time = 0.779998 Performance = 158.526 Constraint violation = 3.62272e-13

time = 0.784998 Performance = 130.831 Constraint violation = 5.28642e-13

time = 0.789998 Performance = 104.83 Constraint violation = 5.34774e-13

time = 0.794998 Performance = 84.0159 Constraint violation = 8.99122e-13

time = 0.799998 Performance = 74.8572 Constraint violation = 9.4164e-13
